<?xml version="1.0" encoding="UTF-8"?>
<!-- Generated by org.testng.reporters.JUnitXMLReporter -->
<testsuite hostname="DESKTOP-18B12HC" ignored="0" name="grouping test" tests="5" failures="5" timestamp="2022-04-25T00:46:56 IST" time="0.359" errors="0">
  <testcase name="verifyHomePageTitle" time="0.172" classname="com.demowebshop.test.HomePageTest">
    <failure type="java.lang.NullPointerException">
      <![CDATA[java.lang.NullPointerException
at com.demowebshop.utilities.PageUtility.getPageTitle(PageUtility.java:17)
at com.demowebshop.pages.HomePage.getHomePageTitle(HomePage.java:27)
at com.demowebshop.test.HomePageTest.verifyHomePageTitle(HomePageTest.java:15)
at java.util.ArrayList.forEach(Unknown Source)
... Removed 31 stack frames]]>
    </failure>
  </testcase> <!-- verifyHomePageTitle -->
  <testcase name="verifyLogin" time="0.0" classname="com.demowebshop.test.LogInPageTest">
    <failure type="java.lang.NullPointerException">
      <![CDATA[java.lang.NullPointerException
at org.openqa.selenium.support.pagefactory.DefaultElementLocator.findElement(DefaultElementLocator.java:70)
at org.openqa.selenium.support.pagefactory.internal.LocatingElementHandler.invoke(LocatingElementHandler.java:39)
at com.sun.proxy.$Proxy7.click(Unknown Source)
at com.demowebshop.utilities.PageUtility.clickOnElement(PageUtility.java:29)
at com.demowebshop.pages.HomePage.clickOnLoginMenu(HomePage.java:32)
at com.demowebshop.test.LogInPageTest.verifyLogin(LogInPageTest.java:23)
at java.util.ArrayList.forEach(Unknown Source)
... Removed 31 stack frames]]>
    </failure>
  </testcase> <!-- verifyLogin -->
  <testcase name="verifyLoginPageTitle" time="0.016" classname="com.demowebshop.test.LogInPageTest">
    <failure type="java.lang.NullPointerException">
      <![CDATA[java.lang.NullPointerException
at org.openqa.selenium.support.pagefactory.DefaultElementLocator.findElement(DefaultElementLocator.java:70)
at org.openqa.selenium.support.pagefactory.internal.LocatingElementHandler.invoke(LocatingElementHandler.java:39)
at com.sun.proxy.$Proxy7.click(Unknown Source)
at com.demowebshop.utilities.PageUtility.clickOnElement(PageUtility.java:29)
at com.demowebshop.pages.HomePage.clickOnLoginMenu(HomePage.java:32)
at com.demowebshop.test.LogInPageTest.verifyLoginPageTitle(LogInPageTest.java:35)
at java.util.ArrayList.forEach(Unknown Source)
... Removed 31 stack frames]]>
    </failure>
  </testcase> <!-- verifyLoginPageTitle -->
  <testcase name="verifyRegister" time="0.0" classname="com.demowebshop.test.RegisterPageTest">
    <failure type="java.lang.NullPointerException">
      <![CDATA[java.lang.NullPointerException
at org.openqa.selenium.support.pagefactory.DefaultElementLocator.findElement(DefaultElementLocator.java:70)
at org.openqa.selenium.support.pagefactory.internal.LocatingElementHandler.invoke(LocatingElementHandler.java:39)
at com.sun.proxy.$Proxy7.click(Unknown Source)
at com.demowebshop.utilities.PageUtility.clickOnElement(PageUtility.java:29)
at com.demowebshop.pages.HomePage.clickOnRegisterButton(HomePage.java:36)
at com.demowebshop.test.RegisterPageTest.verifyRegister(RegisterPageTest.java:25)
at java.util.ArrayList.forEach(Unknown Source)
... Removed 31 stack frames]]>
    </failure>
  </testcase> <!-- verifyRegister -->
  <testcase name="verifyLoginPageTitle" time="0.0" classname="com.demowebshop.test.RegisterPageTest">
    <failure type="java.lang.NullPointerException">
      <![CDATA[java.lang.NullPointerException
at org.openqa.selenium.support.pagefactory.DefaultElementLocator.findElement(DefaultElementLocator.java:70)
at org.openqa.selenium.support.pagefactory.internal.LocatingElementHandler.invoke(LocatingElementHandler.java:39)
at com.sun.proxy.$Proxy7.click(Unknown Source)
at com.demowebshop.utilities.PageUtility.clickOnElement(PageUtility.java:29)
at com.demowebshop.pages.HomePage.clickOnRegisterButton(HomePage.java:36)
at com.demowebshop.test.RegisterPageTest.verifyLoginPageTitle(RegisterPageTest.java:44)
at java.util.ArrayList.forEach(Unknown Source)
... Removed 31 stack frames]]>
    </failure>
  </testcase> <!-- verifyLoginPageTitle -->
</testsuite> <!-- grouping test -->
